<?xml version="1.0" encoding="UTF-8"?>
<!-- Generated by org.testng.reporters.JUnitReportReporter -->
<testsuite hostname="LAPTOP-V12OIAGN" failures="0" tests="1" name="demo.oneTestcase" time="1.984" errors="0" timestamp="2025-06-05T12:16:01 IST" skipped="0">
  <testcase classname="demo.oneTestcase" name="m1" time="1.984"/>
  <system-out/>
</testsuite> <!-- demo.oneTestcase -->
